<?xml version="1.0" encoding="UTF-8"?>
<!-- Generated by org.testng.reporters.JUnitReportReporter -->
<testsuite hostname="LAPTOP-HENNUNBB" failures="0" tests="1" name="testScripts.LoginScript" time="17.402" errors="0" timestamp="2021-04-13T10:35:54 WIB" skipped="0">
  <testcase classname="testScripts.LoginScript" name="setup" time="17.402"/>
  <system-out/>
</testsuite> <!-- testScripts.LoginScript -->
